c:\users\kovalik\source\repos\sproglab10\sproglab5-main\sproglab5\x64\debug\vc143.pdb
c:\users\kovalik\source\repos\sproglab10\sproglab5-main\sproglab5\x64\debug\vc143.idb
c:\users\kovalik\source\repos\sproglab10\sproglab5-main\sproglab5\x64\debug\main.obj
c:\users\kovalik\source\repos\sproglab5\x64\debug\sproglab5.exe
c:\users\kovalik\source\repos\sproglab5\x64\debug\sproglab5.pdb
c:\users\kovalik\source\repos\sproglab10\sproglab5-main\x64\debug\sproglab5.exe
c:\users\kovalik\source\repos\sproglab10\sproglab5-main\x64\debug\sproglab5.pdb
c:\users\kovalik\source\repos\sproglab5\sproglab5\x64\debug\sproglab5.res
c:\users\kovalik\source\repos\sproglab10\sproglab5-main\sproglab5\x64\debug\sproglab5.res
c:\users\kovalik\source\repos\sproglab10\sproglab5-main\sproglab5\x64\debug\sproglab5.ilk
c:\users\kovalik\source\repos\sproglab10\sproglab5-main\sproglab5\x64\debug\sproglab5.tlog\cl.command.1.tlog
c:\users\kovalik\source\repos\sproglab10\sproglab5-main\sproglab5\x64\debug\sproglab5.tlog\cl.items.tlog
c:\users\kovalik\source\repos\sproglab10\sproglab5-main\sproglab5\x64\debug\sproglab5.tlog\cl.read.1.tlog
c:\users\kovalik\source\repos\sproglab10\sproglab5-main\sproglab5\x64\debug\sproglab5.tlog\cl.write.1.tlog
c:\users\kovalik\source\repos\sproglab10\sproglab5-main\sproglab5\x64\debug\sproglab5.tlog\link.command.1.tlog
c:\users\kovalik\source\repos\sproglab10\sproglab5-main\sproglab5\x64\debug\sproglab5.tlog\link.read.1.tlog
c:\users\kovalik\source\repos\sproglab10\sproglab5-main\sproglab5\x64\debug\sproglab5.tlog\link.secondary.1.tlog
c:\users\kovalik\source\repos\sproglab10\sproglab5-main\sproglab5\x64\debug\sproglab5.tlog\link.write.1.tlog
c:\users\kovalik\source\repos\sproglab10\sproglab5-main\sproglab5\x64\debug\sproglab5.tlog\rc.command.1.tlog
c:\users\kovalik\source\repos\sproglab10\sproglab5-main\sproglab5\x64\debug\sproglab5.tlog\rc.read.1.tlog
c:\users\kovalik\source\repos\sproglab10\sproglab5-main\sproglab5\x64\debug\sproglab5.tlog\rc.write.1.tlog
